<?xml version="1.0" encoding="UTF-8"?>
<coverage generated="1625230543617" clover="3.2.0">
  <project timestamp="1625230543617" name="All files">
    <metrics statements="46" coveredstatements="27" conditionals="32" coveredconditionals="13" methods="22" coveredmethods="10" elements="100" coveredelements="50" complexity="0" loc="46" ncloc="46" packages="4" files="9" classes="9"/>
    <package name="src">
      <metrics statements="1" coveredstatements="1" conditionals="0" coveredconditionals="0" methods="1" coveredmethods="1"/>
      <file name="App.css" path="C:\Users\SINDARAP\my-app\src\App.css">
        <metrics statements="0" coveredstatements="0" conditionals="0" coveredconditionals="0" methods="0" coveredmethods="0"/>
      </file>
      <file name="App.js" path="C:\Users\SINDARAP\my-app\src\App.js">
        <metrics statements="1" coveredstatements="1" conditionals="0" coveredconditionals="0" methods="1" coveredmethods="1"/>
        <line num="13" count="1" type="stmt"/>
      </file>
    </package>
    <package name="src.components">
      <metrics statements="22" coveredstatements="10" conditionals="8" coveredconditionals="2" methods="11" coveredmethods="3"/>
      <file name="ItemList.js" path="C:\Users\SINDARAP\my-app\src\components\ItemList.js">
        <metrics statements="2" coveredstatements="2" conditionals="0" coveredconditionals="0" methods="1" coveredmethods="1"/>
        <line num="4" count="4" type="stmt"/>
        <line num="5" count="1" type="stmt"/>
      </file>
      <file name="NavBar.js" path="C:\Users\SINDARAP\my-app\src\components\NavBar.js">
        <metrics statements="2" coveredstatements="2" conditionals="0" coveredconditionals="0" methods="1" coveredmethods="1"/>
        <line num="4" count="2" type="stmt"/>
        <line num="5" count="1" type="stmt"/>
      </file>
      <file name="SearchBar.js" path="C:\Users\SINDARAP\my-app\src\components\SearchBar.js">
        <metrics statements="18" coveredstatements="6" conditionals="8" coveredconditionals="2" methods="9" coveredmethods="1"/>
        <line num="8" count="3" type="stmt"/>
        <line num="9" count="2" type="stmt"/>
        <line num="10" count="2" type="stmt"/>
        <line num="12" count="2" type="stmt"/>
        <line num="13" count="0" type="stmt"/>
        <line num="14" count="0" type="stmt"/>
        <line num="20" count="2" type="stmt"/>
        <line num="21" count="0" type="stmt"/>
        <line num="22" count="0" type="cond" truecount="0" falsecount="2"/>
        <line num="23" count="0" type="stmt"/>
        <line num="26" count="0" type="stmt"/>
        <line num="27" count="0" type="stmt"/>
        <line num="28" count="0" type="stmt"/>
        <line num="30" count="0" type="stmt"/>
        <line num="35" count="2" type="stmt"/>
        <line num="42" count="0" type="stmt"/>
        <line num="50" count="0" type="stmt"/>
        <line num="52" count="0" type="stmt"/>
      </file>
    </package>
    <package name="src.pages">
      <metrics statements="16" coveredstatements="9" conditionals="24" coveredconditionals="11" methods="7" coveredmethods="3"/>
      <file name="About.js" path="C:\Users\SINDARAP\my-app\src\pages\About.js">
        <metrics statements="2" coveredstatements="2" conditionals="0" coveredconditionals="0" methods="1" coveredmethods="1"/>
        <line num="3" count="2" type="stmt"/>
        <line num="4" count="1" type="stmt"/>
      </file>
      <file name="Home.js" path="C:\Users\SINDARAP\my-app\src\pages\Home.js">
        <metrics statements="2" coveredstatements="2" conditionals="0" coveredconditionals="0" methods="1" coveredmethods="1"/>
        <line num="6" count="2" type="stmt"/>
        <line num="7" count="1" type="stmt"/>
      </file>
      <file name="SingleShow.js" path="C:\Users\SINDARAP\my-app\src\pages\SingleShow.js">
        <metrics statements="12" coveredstatements="5" conditionals="24" coveredconditionals="11" methods="5" coveredmethods="1"/>
        <line num="4" count="2" type="stmt"/>
        <line num="5" count="1" type="stmt"/>
        <line num="7" count="1" type="stmt"/>
        <line num="8" count="0" type="stmt"/>
        <line num="9" count="0" type="stmt"/>
        <line num="15" count="1" type="stmt"/>
        <line num="16" count="0" type="cond" truecount="0" falsecount="4"/>
        <line num="17" count="0" type="stmt"/>
        <line num="19" count="0" type="stmt"/>
        <line num="21" count="0" type="stmt"/>
        <line num="24" count="1" type="stmt"/>
        <line num="31" count="0" type="stmt"/>
      </file>
    </package>
    <package name="src.service">
      <metrics statements="7" coveredstatements="7" conditionals="0" coveredconditionals="0" methods="3" coveredmethods="3"/>
      <file name="TvshowsApi.js" path="C:\Users\SINDARAP\my-app\src\service\TvshowsApi.js">
        <metrics statements="7" coveredstatements="7" conditionals="0" coveredconditionals="0" methods="3" coveredmethods="3"/>
        <line num="3" count="5" type="stmt"/>
        <line num="5" count="5" type="stmt"/>
        <line num="6" count="1" type="stmt"/>
        <line num="9" count="5" type="stmt"/>
        <line num="10" count="1" type="stmt"/>
        <line num="13" count="5" type="stmt"/>
        <line num="14" count="1" type="stmt"/>
      </file>
    </package>
  </project>
</coverage>
