{"C:\\Users\\SINDARAP\\my-app\\src\\App.css": {"path":"C:\\Users\\SINDARAP\\my-app\\src\\App.css","statementMap":{},"fnMap":{},"branchMap":{},"s":{},"f":{},"b":{},"inputSourceMap":null,"_coverageSchema":"1a1c01bbd47fc00a2c39e90264f33305004495a9","hash":"a3739744656746c453a46ac49969cea1d0dd7e19"}
,"C:\\Users\\SINDARAP\\my-app\\src\\App.js": {"path":"C:\\Users\\SINDARAP\\my-app\\src\\App.js","statementMap":{"0":{"start":{"line":13,"column":2},"end":{"line":24,"column":4}}},"fnMap":{"0":{"name":"App","decl":{"start":{"line":12,"column":9},"end":{"line":12,"column":12}},"loc":{"start":{"line":12,"column":15},"end":{"line":25,"column":1}},"line":12}},"branchMap":{},"s":{"0":1},"f":{"0":1},"b":{},"_coverageSchema":"1a1c01bbd47fc00a2c39e90264f33305004495a9","hash":"c8d5f1703e48212ef99a5e27c9eb0cfef7c59494"}
,"C:\\Users\\SINDARAP\\my-app\\src\\components\\ItemList.js": {"path":"C:\\Users\\SINDARAP\\my-app\\src\\components\\ItemList.js","statementMap":{"0":{"start":{"line":4,"column":17},"end":{"line":15,"column":1}},"1":{"start":{"line":5,"column":4},"end":{"line":14,"column":5}}},"fnMap":{"0":{"name":"(anonymous_0)","decl":{"start":{"line":4,"column":17},"end":{"line":4,"column":18}},"loc":{"start":{"line":4,"column":50},"end":{"line":15,"column":1}},"line":4}},"branchMap":{},"s":{"0":4,"1":1},"f":{"0":1},"b":{},"_coverageSchema":"1a1c01bbd47fc00a2c39e90264f33305004495a9","hash":"61128f0fb371d5f32333ca0bf5f955441cb727ec"}
,"C:\\Users\\SINDARAP\\my-app\\src\\components\\NavBar.js": {"path":"C:\\Users\\SINDARAP\\my-app\\src\\components\\NavBar.js","statementMap":{"0":{"start":{"line":4,"column":23},"end":{"line":24,"column":1}},"1":{"start":{"line":5,"column":4},"end":{"line":23,"column":5}}},"fnMap":{"0":{"name":"(anonymous_0)","decl":{"start":{"line":4,"column":23},"end":{"line":4,"column":24}},"loc":{"start":{"line":4,"column":29},"end":{"line":24,"column":1}},"line":4}},"branchMap":{},"s":{"0":2,"1":1},"f":{"0":1},"b":{},"_coverageSchema":"1a1c01bbd47fc00a2c39e90264f33305004495a9","hash":"1bfc4c469ba72f98b806b2591cc159960b82a78a"}
,"C:\\Users\\SINDARAP\\my-app\\src\\components\\SearchBar.js": {"path":"C:\\Users\\SINDARAP\\my-app\\src\\components\\SearchBar.js","statementMap":{"0":{"start":{"line":8,"column":25},"end":{"line":66,"column":1}},"1":{"start":{"line":9,"column":32},"end":{"line":9,"column":44}},"2":{"start":{"line":10,"column":30},"end":{"line":10,"column":42}},"3":{"start":{"line":12,"column":4},"end":{"line":18,"column":10}},"4":{"start":{"line":13,"column":8},"end":{"line":17,"column":10}},"5":{"start":{"line":14,"column":12},"end":{"line":14,"column":30}},"6":{"start":{"line":20,"column":28},"end":{"line":33,"column":5}},"7":{"start":{"line":21,"column":8},"end":{"line":21,"column":27}},"8":{"start":{"line":22,"column":8},"end":{"line":32,"column":9}},"9":{"start":{"line":23,"column":12},"end":{"line":23,"column":43}},"10":{"start":{"line":26,"column":12},"end":{"line":31,"column":14}},"11":{"start":{"line":27,"column":33},"end":{"line":27,"column":66}},"12":{"start":{"line":27,"column":56},"end":{"line":27,"column":65}},"13":{"start":{"line":28,"column":16},"end":{"line":28,"column":35}},"14":{"start":{"line":30,"column":16},"end":{"line":30,"column":29}},"15":{"start":{"line":35,"column":4},"end":{"line":65,"column":5}},"16":{"start":{"line":42,"column":37},"end":{"line":42,"column":62}},"17":{"start":{"line":50,"column":33},"end":{"line":50,"column":68}},"18":{"start":{"line":52,"column":24},"end":{"line":60,"column":25}}},"fnMap":{"0":{"name":"(anonymous_0)","decl":{"start":{"line":8,"column":25},"end":{"line":8,"column":26}},"loc":{"start":{"line":8,"column":31},"end":{"line":66,"column":1}},"line":8},"1":{"name":"(anonymous_1)","decl":{"start":{"line":12,"column":14},"end":{"line":12,"column":15}},"loc":{"start":{"line":12,"column":20},"end":{"line":18,"column":5}},"line":12},"2":{"name":"(anonymous_2)","decl":{"start":{"line":13,"column":27},"end":{"line":13,"column":28}},"loc":{"start":{"line":13,"column":36},"end":{"line":17,"column":9}},"line":13},"3":{"name":"(anonymous_3)","decl":{"start":{"line":20,"column":28},"end":{"line":20,"column":29}},"loc":{"start":{"line":20,"column":35},"end":{"line":33,"column":5}},"line":20},"4":{"name":"(anonymous_4)","decl":{"start":{"line":26,"column":36},"end":{"line":26,"column":37}},"loc":{"start":{"line":26,"column":45},"end":{"line":31,"column":13}},"line":26},"5":{"name":"(anonymous_5)","decl":{"start":{"line":27,"column":46},"end":{"line":27,"column":47}},"loc":{"start":{"line":27,"column":56},"end":{"line":27,"column":65}},"line":27},"6":{"name":"(anonymous_6)","decl":{"start":{"line":42,"column":30},"end":{"line":42,"column":31}},"loc":{"start":{"line":42,"column":37},"end":{"line":42,"column":62}},"line":42},"7":{"name":"(anonymous_7)","decl":{"start":{"line":50,"column":22},"end":{"line":50,"column":23}},"loc":{"start":{"line":50,"column":33},"end":{"line":50,"column":68}},"line":50},"8":{"name":"(anonymous_8)","decl":{"start":{"line":51,"column":21},"end":{"line":51,"column":22}},"loc":{"start":{"line":51,"column":31},"end":{"line":61,"column":21}},"line":51}},"branchMap":{"0":{"loc":{"start":{"line":22,"column":8},"end":{"line":32,"column":9}},"type":"if","locations":[{"start":{"line":22,"column":8},"end":{"line":32,"column":9}},{"start":{"line":22,"column":8},"end":{"line":32,"column":9}}],"line":22},"1":{"loc":{"start":{"line":49,"column":17},"end":{"line":61,"column":22}},"type":"binary-expr","locations":[{"start":{"line":49,"column":17},"end":{"line":49,"column":22}},{"start":{"line":49,"column":26},"end":{"line":61,"column":22}}],"line":49},"2":{"loc":{"start":{"line":57,"column":39},"end":{"line":57,"column":166}},"type":"cond-expr","locations":[{"start":{"line":57,"column":52},"end":{"line":57,"column":69}},{"start":{"line":57,"column":72},"end":{"line":57,"column":166}}],"line":57},"3":{"loc":{"start":{"line":58,"column":40},"end":{"line":58,"column":96}},"type":"cond-expr","locations":[{"start":{"line":58,"column":63},"end":{"line":58,"column":82}},{"start":{"line":58,"column":85},"end":{"line":58,"column":96}}],"line":58}},"s":{"0":3,"1":2,"2":2,"3":2,"4":0,"5":0,"6":2,"7":0,"8":0,"9":0,"10":0,"11":0,"12":0,"13":0,"14":0,"15":2,"16":0,"17":0,"18":0},"f":{"0":2,"1":0,"2":0,"3":0,"4":0,"5":0,"6":0,"7":0,"8":0},"b":{"0":[0,0],"1":[2,2],"2":[0,0],"3":[0,0]},"_coverageSchema":"1a1c01bbd47fc00a2c39e90264f33305004495a9","hash":"0a17d93729aea9a17505faf47a3c3c89e1b9dee7"}
,"C:\\Users\\SINDARAP\\my-app\\src\\pages\\About.js": {"path":"C:\\Users\\SINDARAP\\my-app\\src\\pages\\About.js","statementMap":{"0":{"start":{"line":3,"column":15},"end":{"line":22,"column":1}},"1":{"start":{"line":4,"column":4},"end":{"line":21,"column":5}}},"fnMap":{"0":{"name":"(anonymous_0)","decl":{"start":{"line":3,"column":15},"end":{"line":3,"column":16}},"loc":{"start":{"line":3,"column":21},"end":{"line":22,"column":1}},"line":3}},"branchMap":{},"s":{"0":2,"1":1},"f":{"0":1},"b":{},"_coverageSchema":"1a1c01bbd47fc00a2c39e90264f33305004495a9","hash":"8d99aa5e9eb35457c6b9b7b0b77c940a2a74743b"}
,"C:\\Users\\SINDARAP\\my-app\\src\\pages\\Home.js": {"path":"C:\\Users\\SINDARAP\\my-app\\src\\pages\\Home.js","statementMap":{"0":{"start":{"line":6,"column":13},"end":{"line":12,"column":1}},"1":{"start":{"line":7,"column":4},"end":{"line":11,"column":5}}},"fnMap":{"0":{"name":"(anonymous_0)","decl":{"start":{"line":6,"column":13},"end":{"line":6,"column":14}},"loc":{"start":{"line":6,"column":19},"end":{"line":12,"column":1}},"line":6}},"branchMap":{},"s":{"0":2,"1":1},"f":{"0":1},"b":{},"_coverageSchema":"1a1c01bbd47fc00a2c39e90264f33305004495a9","hash":"00431c88a6cc5944be386539430a6c9c0d005d34"}
,"C:\\Users\\SINDARAP\\my-app\\src\\pages\\SingleShow.js": {"path":"C:\\Users\\SINDARAP\\my-app\\src\\pages\\SingleShow.js","statementMap":{"0":{"start":{"line":4,"column":19},"end":{"line":54,"column":1}},"1":{"start":{"line":5,"column":28},"end":{"line":5,"column":40}},"2":{"start":{"line":7,"column":4},"end":{"line":13,"column":10}},"3":{"start":{"line":8,"column":8},"end":{"line":12,"column":10}},"4":{"start":{"line":9,"column":12},"end":{"line":9,"column":29}},"5":{"start":{"line":15,"column":23},"end":{"line":22,"column":5}},"6":{"start":{"line":16,"column":8},"end":{"line":20,"column":9}},"7":{"start":{"line":17,"column":12},"end":{"line":17,"column":25}},"8":{"start":{"line":19,"column":12},"end":{"line":19,"column":35}},"9":{"start":{"line":21,"column":8},"end":{"line":21,"column":49}},"10":{"start":{"line":24,"column":4},"end":{"line":53,"column":5}},"11":{"start":{"line":31,"column":20},"end":{"line":31,"column":91}}},"fnMap":{"0":{"name":"(anonymous_0)","decl":{"start":{"line":4,"column":19},"end":{"line":4,"column":20}},"loc":{"start":{"line":4,"column":34},"end":{"line":54,"column":1}},"line":4},"1":{"name":"(anonymous_1)","decl":{"start":{"line":7,"column":14},"end":{"line":7,"column":15}},"loc":{"start":{"line":7,"column":20},"end":{"line":13,"column":5}},"line":7},"2":{"name":"(anonymous_2)","decl":{"start":{"line":8,"column":44},"end":{"line":8,"column":45}},"loc":{"start":{"line":8,"column":53},"end":{"line":12,"column":9}},"line":8},"3":{"name":"(anonymous_3)","decl":{"start":{"line":15,"column":23},"end":{"line":15,"column":24}},"loc":{"start":{"line":15,"column":33},"end":{"line":22,"column":5}},"line":15},"4":{"name":"(anonymous_4)","decl":{"start":{"line":30,"column":54},"end":{"line":30,"column":55}},"loc":{"start":{"line":30,"column":63},"end":{"line":32,"column":17}},"line":30}},"branchMap":{"0":{"loc":{"start":{"line":16,"column":8},"end":{"line":20,"column":9}},"type":"if","locations":[{"start":{"line":16,"column":8},"end":{"line":20,"column":9}},{"start":{"line":16,"column":8},"end":{"line":20,"column":9}}],"line":16},"1":{"loc":{"start":{"line":16,"column":12},"end":{"line":16,"column":40}},"type":"binary-expr","locations":[{"start":{"line":16,"column":12},"end":{"line":16,"column":25}},{"start":{"line":16,"column":29},"end":{"line":16,"column":40}}],"line":16},"2":{"loc":{"start":{"line":26,"column":22},"end":{"line":26,"column":65}},"type":"cond-expr","locations":[{"start":{"line":26,"column":35},"end":{"line":26,"column":52}},{"start":{"line":26,"column":55},"end":{"line":26,"column":65}}],"line":26},"3":{"loc":{"start":{"line":28,"column":24},"end":{"line":28,"column":50}},"type":"binary-expr","locations":[{"start":{"line":28,"column":24},"end":{"line":28,"column":37}},{"start":{"line":28,"column":41},"end":{"line":28,"column":50}}],"line":28},"4":{"loc":{"start":{"line":29,"column":31},"end":{"line":29,"column":87}},"type":"cond-expr","locations":[{"start":{"line":29,"column":54},"end":{"line":29,"column":73}},{"start":{"line":29,"column":76},"end":{"line":29,"column":87}}],"line":29},"5":{"loc":{"start":{"line":30,"column":23},"end":{"line":32,"column":18}},"type":"binary-expr","locations":[{"start":{"line":30,"column":23},"end":{"line":30,"column":34}},{"start":{"line":30,"column":38},"end":{"line":32,"column":18}}],"line":30},"6":{"loc":{"start":{"line":37,"column":29},"end":{"line":37,"column":55}},"type":"binary-expr","locations":[{"start":{"line":37,"column":29},"end":{"line":37,"column":40}},{"start":{"line":37,"column":44},"end":{"line":37,"column":55}}],"line":37},"7":{"loc":{"start":{"line":40,"column":32},"end":{"line":40,"column":71}},"type":"cond-expr","locations":[{"start":{"line":40,"column":49},"end":{"line":40,"column":63}},{"start":{"line":40,"column":66},"end":{"line":40,"column":71}}],"line":40},"8":{"loc":{"start":{"line":43,"column":31},"end":{"line":43,"column":103}},"type":"cond-expr","locations":[{"start":{"line":43,"column":70},"end":{"line":43,"column":95}},{"start":{"line":43,"column":98},"end":{"line":43,"column":103}}],"line":43},"9":{"loc":{"start":{"line":43,"column":31},"end":{"line":43,"column":67}},"type":"binary-expr","locations":[{"start":{"line":43,"column":31},"end":{"line":43,"column":43}},{"start":{"line":43,"column":47},"end":{"line":43,"column":67}}],"line":43},"10":{"loc":{"start":{"line":46,"column":37},"end":{"line":46,"column":82}},"type":"cond-expr","locations":[{"start":{"line":46,"column":57},"end":{"line":46,"column":74}},{"start":{"line":46,"column":77},"end":{"line":46,"column":82}}],"line":46},"11":{"loc":{"start":{"line":49,"column":21},"end":{"line":49,"column":61}},"type":"binary-expr","locations":[{"start":{"line":49,"column":21},"end":{"line":49,"column":33}},{"start":{"line":49,"column":37},"end":{"line":49,"column":61}}],"line":49}},"s":{"0":2,"1":1,"2":1,"3":0,"4":0,"5":1,"6":0,"7":0,"8":0,"9":0,"10":1,"11":0},"f":{"0":1,"1":0,"2":0,"3":0,"4":0},"b":{"0":[0,0],"1":[0,0],"2":[0,1],"3":[1,1],"4":[0,1],"5":[1,0],"6":[1,0],"7":[0,1],"8":[0,1],"9":[1,0],"10":[0,1],"11":[1,0]},"_coverageSchema":"1a1c01bbd47fc00a2c39e90264f33305004495a9","hash":"1eeb76c20dfdbcdb1c45f4139985fa7e4cc17d8c"}
,"C:\\Users\\SINDARAP\\my-app\\src\\service\\TvshowsApi.js": {"path":"C:\\Users\\SINDARAP\\my-app\\src\\service\\TvshowsApi.js","statementMap":{"0":{"start":{"line":3,"column":12},"end":{"line":3,"column":35}},"1":{"start":{"line":5,"column":27},"end":{"line":7,"column":1}},"2":{"start":{"line":6,"column":4},"end":{"line":6,"column":54}},"3":{"start":{"line":9,"column":27},"end":{"line":11,"column":1}},"4":{"start":{"line":10,"column":4},"end":{"line":10,"column":36}},"5":{"start":{"line":13,"column":30},"end":{"line":15,"column":1}},"6":{"start":{"line":14,"column":4},"end":{"line":14,"column":43}}},"fnMap":{"0":{"name":"(anonymous_0)","decl":{"start":{"line":5,"column":27},"end":{"line":5,"column":28}},"loc":{"start":{"line":5,"column":37},"end":{"line":7,"column":1}},"line":5},"1":{"name":"(anonymous_1)","decl":{"start":{"line":9,"column":27},"end":{"line":9,"column":28}},"loc":{"start":{"line":9,"column":33},"end":{"line":11,"column":1}},"line":9},"2":{"name":"(anonymous_2)","decl":{"start":{"line":13,"column":30},"end":{"line":13,"column":31}},"loc":{"start":{"line":13,"column":38},"end":{"line":15,"column":1}},"line":13}},"branchMap":{},"s":{"0":5,"1":5,"2":1,"3":5,"4":1,"5":5,"6":1},"f":{"0":1,"1":1,"2":1},"b":{},"_coverageSchema":"1a1c01bbd47fc00a2c39e90264f33305004495a9","hash":"a49d2e4e5ae0726a87d072076b9d433bad2c5520"}
}
